nohup: ignoring input
/home/s2864332/miniforge3/envs/DiagnoseSYNGAP/lib/python3.10/site-packages/scipy/signal/_spectral_py.py:790: UserWarning: nperseg = 1252 is greater than input length  = 793, using nperseg = 793
  freqs, _, Pxy = _spectral_helper(x, y, fs, window, nperseg, noverlap,
/home/s2864332/miniforge3/envs/DiagnoseSYNGAP/lib/python3.10/site-packages/scipy/signal/_spectral_py.py:790: UserWarning: nperseg = 1252 is greater than input length  = 792, using nperseg = 792
  freqs, _, Pxy = _spectral_helper(x, y, fs, window, nperseg, noverlap,
/home/s2864332/miniforge3/envs/DiagnoseSYNGAP/lib/python3.10/site-packages/scipy/signal/_spectral_py.py:790: UserWarning: nperseg = 1252 is greater than input length  = 793, using nperseg = 793
  freqs, _, Pxy = _spectral_helper(x, y, fs, window, nperseg, noverlap,
/home/s2864332/miniforge3/envs/DiagnoseSYNGAP/lib/python3.10/site-packages/scipy/signal/_spectral_py.py:790: UserWarning: nperseg = 1252 is greater than input length  = 792, using nperseg = 792
  freqs, _, Pxy = _spectral_helper(x, y, fs, window, nperseg, noverlap,
/home/s2864332/miniforge3/envs/DiagnoseSYNGAP/lib/python3.10/site-packages/scipy/signal/_spectral_py.py:790: UserWarning: nperseg = 1252 is greater than input length  = 793, using nperseg = 793
  freqs, _, Pxy = _spectral_helper(x, y, fs, window, nperseg, noverlap,
/home/s2864332/miniforge3/envs/DiagnoseSYNGAP/lib/python3.10/site-packages/scipy/signal/_spectral_py.py:790: UserWarning: nperseg = 1252 is greater than input length  = 792, using nperseg = 792
  freqs, _, Pxy = _spectral_helper(x, y, fs, window, nperseg, noverlap,
/home/s2864332/miniforge3/envs/DiagnoseSYNGAP/lib/python3.10/site-packages/scipy/signal/_spectral_py.py:790: UserWarning: nperseg = 1252 is greater than input length  = 793, using nperseg = 793
  freqs, _, Pxy = _spectral_helper(x, y, fs, window, nperseg, noverlap,
/home/s2864332/miniforge3/envs/DiagnoseSYNGAP/lib/python3.10/site-packages/scipy/signal/_spectral_py.py:790: UserWarning: nperseg = 1252 is greater than input length  = 792, using nperseg = 792
  freqs, _, Pxy = _spectral_helper(x, y, fs, window, nperseg, noverlap,
/home/s2864332/miniforge3/envs/DiagnoseSYNGAP/lib/python3.10/site-packages/scipy/signal/_spectral_py.py:790: UserWarning: nperseg = 1252 is greater than input length  = 793, using nperseg = 793
  freqs, _, Pxy = _spectral_helper(x, y, fs, window, nperseg, noverlap,
/home/s2864332/miniforge3/envs/DiagnoseSYNGAP/lib/python3.10/site-packages/scipy/signal/_spectral_py.py:790: UserWarning: nperseg = 1252 is greater than input length  = 792, using nperseg = 792
  freqs, _, Pxy = _spectral_helper(x, y, fs, window, nperseg, noverlap,
/home/s2864332/miniforge3/envs/DiagnoseSYNGAP/lib/python3.10/site-packages/scipy/signal/_spectral_py.py:790: UserWarning: nperseg = 1252 is greater than input length  = 793, using nperseg = 793
  freqs, _, Pxy = _spectral_helper(x, y, fs, window, nperseg, noverlap,
/home/s2864332/miniforge3/envs/DiagnoseSYNGAP/lib/python3.10/site-packages/scipy/signal/_spectral_py.py:790: UserWarning: nperseg = 1252 is greater than input length  = 792, using nperseg = 792
  freqs, _, Pxy = _spectral_helper(x, y, fs, window, nperseg, noverlap,
/home/s2864332/miniforge3/envs/DiagnoseSYNGAP/lib/python3.10/site-packages/scipy/signal/_spectral_py.py:790: UserWarning: nperseg = 1252 is greater than input length  = 793, using nperseg = 793
  freqs, _, Pxy = _spectral_helper(x, y, fs, window, nperseg, noverlap,
/home/s2864332/miniforge3/envs/DiagnoseSYNGAP/lib/python3.10/site-packages/scipy/signal/_spectral_py.py:790: UserWarning: nperseg = 1252 is greater than input length  = 792, using nperseg = 792
  freqs, _, Pxy = _spectral_helper(x, y, fs, window, nperseg, noverlap,
/home/s2864332/miniforge3/envs/DiagnoseSYNGAP/lib/python3.10/site-packages/scipy/signal/_spectral_py.py:790: UserWarning: nperseg = 1252 is greater than input length  = 793, using nperseg = 793
  freqs, _, Pxy = _spectral_helper(x, y, fs, window, nperseg, noverlap,
/home/s2864332/miniforge3/envs/DiagnoseSYNGAP/lib/python3.10/site-packages/scipy/signal/_spectral_py.py:790: UserWarning: nperseg = 1252 is greater than input length  = 792, using nperseg = 792
  freqs, _, Pxy = _spectral_helper(x, y, fs, window, nperseg, noverlap,
/home/s2864332/miniforge3/envs/DiagnoseSYNGAP/lib/python3.10/site-packages/scipy/signal/_spectral_py.py:790: UserWarning: nperseg = 1252 is greater than input length  = 793, using nperseg = 793
  freqs, _, Pxy = _spectral_helper(x, y, fs, window, nperseg, noverlap,
/home/s2864332/miniforge3/envs/DiagnoseSYNGAP/lib/python3.10/site-packages/scipy/signal/_spectral_py.py:790: UserWarning: nperseg = 1252 is greater than input length  = 792, using nperseg = 792
  freqs, _, Pxy = _spectral_helper(x, y, fs, window, nperseg, noverlap,
/home/s2864332/miniforge3/envs/DiagnoseSYNGAP/lib/python3.10/site-packages/scipy/signal/_spectral_py.py:790: UserWarning: nperseg = 1252 is greater than input length  = 793, using nperseg = 793
  freqs, _, Pxy = _spectral_helper(x, y, fs, window, nperseg, noverlap,
/home/s2864332/miniforge3/envs/DiagnoseSYNGAP/lib/python3.10/site-packages/scipy/signal/_spectral_py.py:790: UserWarning: nperseg = 1252 is greater than input length  = 792, using nperseg = 792
  freqs, _, Pxy = _spectral_helper(x, y, fs, window, nperseg, noverlap,
/home/s2864332/miniforge3/envs/DiagnoseSYNGAP/lib/python3.10/site-packages/scipy/signal/_spectral_py.py:790: UserWarning: nperseg = 1252 is greater than input length  = 793, using nperseg = 793
  freqs, _, Pxy = _spectral_helper(x, y, fs, window, nperseg, noverlap,
/home/s2864332/miniforge3/envs/DiagnoseSYNGAP/lib/python3.10/site-packages/scipy/signal/_spectral_py.py:790: UserWarning: nperseg = 1252 is greater than input length  = 792, using nperseg = 792
  freqs, _, Pxy = _spectral_helper(x, y, fs, window, nperseg, noverlap,
/home/s2864332/miniforge3/envs/DiagnoseSYNGAP/lib/python3.10/site-packages/scipy/signal/_spectral_py.py:790: UserWarning: nperseg = 1252 is greater than input length  = 793, using nperseg = 793
  freqs, _, Pxy = _spectral_helper(x, y, fs, window, nperseg, noverlap,
/home/s2864332/miniforge3/envs/DiagnoseSYNGAP/lib/python3.10/site-packages/scipy/signal/_spectral_py.py:790: UserWarning: nperseg = 1252 is greater than input length  = 792, using nperseg = 792
  freqs, _, Pxy = _spectral_helper(x, y, fs, window, nperseg, noverlap,
/home/s2864332/miniforge3/envs/DiagnoseSYNGAP/lib/python3.10/site-packages/scipy/signal/_spectral_py.py:790: UserWarning: nperseg = 1252 is greater than input length  = 793, using nperseg = 793
  freqs, _, Pxy = _spectral_helper(x, y, fs, window, nperseg, noverlap,
/home/s2864332/miniforge3/envs/DiagnoseSYNGAP/lib/python3.10/site-packages/scipy/signal/_spectral_py.py:790: UserWarning: nperseg = 1252 is greater than input length  = 792, using nperseg = 792
  freqs, _, Pxy = _spectral_helper(x, y, fs, window, nperseg, noverlap,
S7063
0
3
4
5
6
7
8
9
10
11
12
13
15
S7064
0
3
4
5
6
7
8
9
10
11
12
13
15
S7068
0
3
4
5
6
7
8
9
10
11
12
13
15
S7069
0
3
4
5
6
7
8
9
10
11
12
13
15
S7070
0
3
4
5
6
7
8
9
10
11
12
13
15
S7071
0
3
4
5
6
7
8
9
10
11
12
13
15
S7072
0
3
4
5
6
7
8
9
10
11
12
13
15
S7074
0
3
4
5
6
7
8
9
10
11
12
13
15
S7075
0
3
4
5
6
7
8
9
10
11
12
13
15
S7076
0
3
4
5
6
7
8
9
10
11
12
13
15
S7083
0
3
4
5
6
7
8
9
10
11
12
13
15
S7086
0
3
4
5
6
7
8
9
10
11
12
13
15
S7087
0
3
4
5
6
7
8
9
10
11
12
13
15
S7088
0
3
4
5
6
7
8
9
10
11
12
13
15
S7091
0
3
4
5
6
7
8
9
10
11
12
13
15
S7092
0
3
4
5
6
7
8
9
10
11
12
13
15
S7094
0
3
4
5
6
7
8
9
10
11
12
13
15
S7096
0
3
4
5
6
7
8
9
10
11
12
13
15
S7098
0
3
4
5
6
7
8
9
10
11
12
13
15
S7101
0
3
4
5
6
7
8
9
10
11
12
13
15
