nohup: ignoring input
/home/s2864332/miniforge3/envs/DiagnoseSYNGAP/lib/python3.10/site-packages/EntropyHub/_DispEn.py:91: RuntimeWarning: invalid value encountered in divide
  Zx = ndtr((Sig-np.mean(Sig))/np.std(Sig))
/home/s2864332/miniforge3/envs/DiagnoseSYNGAP/lib/python3.10/site-packages/EntropyHub/_DispEn.py:91: RuntimeWarning: invalid value encountered in divide
  Zx = ndtr((Sig-np.mean(Sig))/np.std(Sig))
/home/s2864332/miniforge3/envs/DiagnoseSYNGAP/lib/python3.10/site-packages/EntropyHub/_DispEn.py:91: RuntimeWarning: invalid value encountered in divide
  Zx = ndtr((Sig-np.mean(Sig))/np.std(Sig))
loading S7063
0
2
3
4
5
6
7
8
9
10
11
12
13
15
loading S7064
0
2
3
4
5
6
7
8
9
10
11
12
13
15
loading S7068
0
2
3
4
5
6
7
8
9
10
11
12
13
15
Traceback (most recent call last):
  File "/home/s2864332/MySYNGAP/DiagnoseSYNGAP/Scripts/FeatureEng/entropy.py", line 69, in <module>
  File "/home/s2864332/miniforge3/envs/DiagnoseSYNGAP/lib/python3.10/site-packages/pandas/util/_decorators.py", line 333, in wrapper
    return func(*args, **kwargs)
  File "/home/s2864332/miniforge3/envs/DiagnoseSYNGAP/lib/python3.10/site-packages/pandas/core/generic.py", line 3989, in to_csv
    return DataFrameRenderer(formatter).to_csv(
  File "/home/s2864332/miniforge3/envs/DiagnoseSYNGAP/lib/python3.10/site-packages/pandas/io/formats/format.py", line 1014, in to_csv
    csv_formatter.save()
  File "/home/s2864332/miniforge3/envs/DiagnoseSYNGAP/lib/python3.10/site-packages/pandas/io/formats/csvs.py", line 270, in save
    self._save()
  File "/home/s2864332/miniforge3/envs/DiagnoseSYNGAP/lib/python3.10/site-packages/pandas/io/formats/csvs.py", line 275, in _save
    self._save_body()
  File "/home/s2864332/miniforge3/envs/DiagnoseSYNGAP/lib/python3.10/site-packages/pandas/io/formats/csvs.py", line 313, in _save_body
    self._save_chunk(start_i, end_i)
  File "/home/s2864332/miniforge3/envs/DiagnoseSYNGAP/lib/python3.10/site-packages/pandas/io/formats/csvs.py", line 324, in _save_chunk
    libwriters.write_csv_rows(
  File "pandas/_libs/writers.pyx", line 73, in pandas._libs.writers.write_csv_rows
OSError: [Errno 28] No space left on device
